--- Text Styles ---
[1m -> [1mBold[0m
[4m -> [4mUnderline[0m
[5m -> [5mBlink[0m
[7m -> [7mReverse[0m

--- 8 Foreground Colors ---
[30m -> [30mColor 30[0m
[31m -> [31mColor 31[0m
[32m -> [32mColor 32[0m
[33m -> [33mColor 33[0m
[34m -> [34mColor 34[0m
[35m -> [35mColor 35[0m
[36m -> [36mColor 36[0m
[37m -> [37mColor 37[0m

--- 8 Bright Foreground Colors ---
[90m -> [90mColor 90[0m
[91m -> [91mColor 91[0m
[92m -> [92mColor 92[0m
[93m -> [93mColor 93[0m
[94m -> [94mColor 94[0m
[95m -> [95mColor 95[0m
[96m -> [96mColor 96[0m
[97m -> [97mColor 97[0m

--- 8 Background Colors ---
[40m -> [40mBackground 40[0m
[41m -> [41mBackground 41[0m
[42m -> [42mBackground 42[0m
[43m -> [43mBackground 43[0m
[44m -> [44mBackground 44[0m
[45m -> [45mBackground 45[0m
[46m -> [46mBackground 46[0m
[47m -> [47mBackground 47[0m

--- 8 Bright Background Colors ---
[100m -> [100mBackground 100[0m
[101m -> [101mBackground 101[0m
[102m -> [102mBackground 102[0m
[103m -> [103mBackground 103[0m
[104m -> [104mBackground 104[0m
[105m -> [105mBackground 105[0m
[106m -> [106mBackground 106[0m
[107m -> [107mBackground 107[0m

--- Combined ---
[1;31m -> [1;31mBold Red[0m
[4;92m -> [4;92mUnderlined Bright Green[0m
[1;103m -> [1;103mBold with Bright Yellow Background[0m

--- Other common codes (should be stripped) ---
Saving screen: [?47hLoading screen: [?47lLine with a bell: Cursor up: [A